<?xml version="1.0" encoding="UTF-8"?>
<!-- Generated by org.testng.reporters.JUnitReportReporter -->
<testsuite hostname="DESKTOP-VOKMTLI" failures="0" tests="1" name="Com.Actitime1.TestScript.CreateCustomer" time="14.773" errors="0" timestamp="2023-10-25T14:54:35 IST" skipped="0">
  <testcase classname="Com.Actitime1.TestScript.CreateCustomer" name="CreateCust" time="14.773"/>
  <system-out>
    <![CDATA[database connected
logged successfully
logged out successfully
browser close successfilly
database discinnected]]>
  </system-out>
</testsuite> <!-- Com.Actitime1.TestScript.CreateCustomer -->
